# JRE version: OpenJDK Runtime Environment (8.0_112-b06) (build 1.8.0_112-release-b06)
# Java VM: OpenJDK 64-Bit Server VM (25.112-b06 mixed mode linux-amd64 compressed oops)
Heap:
 PSYoungGen      total 137216K, used 7414K [0x00000000e0000000, 0x00000000f0c00000, 0x0000000100000000)
  eden space 126976K, 0% used [0x00000000e0000000,0x00000000e0000000,0x00000000e7c00000)
  from space 10240K, 72% used [0x00000000e7c00000,0x00000000e833d8d0,0x00000000e8600000)
  to   space 10240K, 0% used [0x00000000f0200000,0x00000000f0200000,0x00000000f0c00000)
 ParOldGen       total 167936K, used 2122K [0x00000000a0000000, 0x00000000aa400000, 0x00000000e0000000)
  object space 167936K, 1% used [0x00000000a0000000,0x00000000a0212ba0,0x00000000aa400000)
 Metaspace       used 20856K, capacity 21176K, committed 21296K, reserved 1067008K
  class space    used 2737K, capacity 2842K, committed 2864K, reserved 1048576K
GC Heap History (7 events):
Event: 0.573 GC heap before
{Heap before GC invocations=1 (full 0):
 PSYoungGen      total 73728K, used 63488K [0x00000000e0000000, 0x00000000e5200000, 0x0000000100000000)
  eden space 63488K, 100% used [0x00000000e0000000,0x00000000e3e00000,0x00000000e3e00000)
  from space 10240K, 0% used [0x00000000e4800000,0x00000000e4800000,0x00000000e5200000)
  to   space 10240K, 0% used [0x00000000e3e00000,0x00000000e3e00000,0x00000000e4800000)
 ParOldGen       total 167936K, used 0K [0x00000000a0000000, 0x00000000aa400000, 0x00000000e0000000)
  object space 167936K, 0% used [0x00000000a0000000,0x00000000a0000000,0x00000000aa400000)
 Metaspace       used 12296K, capacity 12656K, committed 12800K, reserved 1060864K
  class space    used 1610K, capacity 1739K, committed 1792K, reserved 1048576K
Event: 0.580 GC heap after
Heap after GC invocations=1 (full 0):
 PSYoungGen      total 73728K, used 8058K [0x00000000e0000000, 0x00000000e9000000, 0x0000000100000000)
  eden space 63488K, 0% used [0x00000000e0000000,0x00000000e0000000,0x00000000e3e00000)
  from space 10240K, 78% used [0x00000000e3e00000,0x00000000e45dea10,0x00000000e4800000)
  to   space 10240K, 0% used [0x00000000e8600000,0x00000000e8600000,0x00000000e9000000)
 ParOldGen       total 167936K, used 16K [0x00000000a0000000, 0x00000000aa400000, 0x00000000e0000000)
  object space 167936K, 0% used [0x00000000a0000000,0x00000000a0004000,0x00000000aa400000)
 Metaspace       used 12296K, capacity 12656K, committed 12800K, reserved 1060864K
  class space    used 1610K, capacity 1739K, committed 1792K, reserved 1048576K
}
Event: 1.123 GC heap before
{Heap before GC invocations=2 (full 0):
 PSYoungGen      total 73728K, used 71546K [0x00000000e0000000, 0x00000000e9000000, 0x0000000100000000)
  eden space 63488K, 100% used [0x00000000e0000000,0x00000000e3e00000,0x00000000e3e00000)
  from space 10240K, 78% used [0x00000000e3e00000,0x00000000e45dea10,0x00000000e4800000)
  to   space 10240K, 0% used [0x00000000e8600000,0x00000000e8600000,0x00000000e9000000)
 ParOldGen       total 167936K, used 16K [0x00000000a0000000, 0x00000000aa400000, 0x00000000e0000000)
  object space 167936K, 0% used [0x00000000a0000000,0x00000000a0004000,0x00000000aa400000)
 Metaspace       used 20703K, capacity 21074K, committed 21248K, reserved 1067008K
  class space    used 2722K, capacity 2808K, committed 2816K, reserved 1048576K
Event: 1.140 GC heap after
Heap after GC invocations=2 (full 0):
 PSYoungGen      total 137216K, used 10224K [0x00000000e0000000, 0x00000000e9000000, 0x0000000100000000)
  eden space 126976K, 0% used [0x00000000e0000000,0x00000000e0000000,0x00000000e7c00000)
  from space 10240K, 99% used [0x00000000e8600000,0x00000000e8ffc2d8,0x00000000e9000000)
  to   space 10240K, 0% used [0x00000000e7c00000,0x00000000e7c00000,0x00000000e8600000)
 ParOldGen       total 167936K, used 2114K [0x00000000a0000000, 0x00000000aa400000, 0x00000000e0000000)
  object space 167936K, 1% used [0x00000000a0000000,0x00000000a0210ba0,0x00000000aa400000)
 Metaspace       used 20703K, capacity 21074K, committed 21248K, reserved 1067008K
  class space    used 2722K, capacity 2808K, committed 2816K, reserved 1048576K
}
Event: 1.165 GC heap before
{Heap before GC invocations=3 (full 0):
 PSYoungGen      total 137216K, used 14356K [0x00000000e0000000, 0x00000000e9000000, 0x0000000100000000)
  eden space 126976K, 3% used [0x00000000e0000000,0x00000000e0408df0,0x00000000e7c00000)
  from space 10240K, 99% used [0x00000000e8600000,0x00000000e8ffc2d8,0x00000000e9000000)
  to   space 10240K, 0% used [0x00000000e7c00000,0x00000000e7c00000,0x00000000e8600000)
 ParOldGen       total 167936K, used 2114K [0x00000000a0000000, 0x00000000aa400000, 0x00000000e0000000)
  object space 167936K, 1% used [0x00000000a0000000,0x00000000a0210ba0,0x00000000aa400000)
 Metaspace       used 20856K, capacity 21176K, committed 21296K, reserved 1067008K
  class space    used 2737K, capacity 2842K, committed 2864K, reserved 1048576K
Event: 1.173 GC heap after
Heap after GC invocations=3 (full 0):
 PSYoungGen      total 137216K, used 7414K [0x00000000e0000000, 0x00000000f0c00000, 0x0000000100000000)
  eden space 126976K, 0% used [0x00000000e0000000,0x00000000e0000000,0x00000000e7c00000)
  from space 10240K, 72% used [0x00000000e7c00000,0x00000000e833d8d0,0x00000000e8600000)
  to   space 10240K, 0% used [0x00000000f0200000,0x00000000f0200000,0x00000000f0c00000)
 ParOldGen       total 167936K, used 2122K [0x00000000a0000000, 0x00000000aa400000, 0x00000000e0000000)
  object space 167936K, 1% used [0x00000000a0000000,0x00000000a0212ba0,0x00000000aa400000)
 Metaspace       used 20856K, capacity 21176K, committed 21296K, reserved 1067008K
  class space    used 2737K, capacity 2842K, committed 2864K, reserved 1048576K
}
Event: 1.173 GC heap before
{Heap before GC invocations=4 (full 1):
 PSYoungGen      total 137216K, used 7414K [0x00000000e0000000, 0x00000000f0c00000, 0x0000000100000000)
  eden space 126976K, 0% used [0x00000000e0000000,0x00000000e0000000,0x00000000e7c00000)
  from space 10240K, 72% used [0x00000000e7c00000,0x00000000e833d8d0,0x00000000e8600000)
  to   space 10240K, 0% used [0x00000000f0200000,0x00000000f0200000,0x00000000f0c00000)
 ParOldGen       total 167936K, used 2122K [0x00000000a0000000, 0x00000000aa400000, 0x00000000e0000000)
  object space 167936K, 1% used [0x00000000a0000000,0x00000000a0212ba0,0x00000000aa400000)
 Metaspace       used 20856K, capacity 21176K, committed 21296K, reserved 1067008K
  class space    used 2737K, capacity 2842K, committed 2864K, reserved 1048576K

